This is pdfTeX, Version 3.141592653-2.6-1.40.25 (TeX Live 2023/nixos.org) (preloaded format=pdflatex 1980.1.1)  23 MAY 2024 21:41
entering extended mode
 restricted \write18 enabled.
 file:line:error style messages enabled.
 %&-line parsing enabled.
**TypeSystem.tex
(./TypeSystem.tex
LaTeX2e <2023-11-01> patch level 1
L3 programming layer <2024-02-20>

(/nix/store/z52hy8jvjaxzabb28qfqa6acnxkp5q31-texlive-combined-full-2023-final-t
exmfdist/tex/latex/amscls/amsart.cls
Document Class: amsart 2020/05/29 v2.20.6
\linespacing=\dimen140
\normalparindent=\dimen141
\normaltopskip=\skip48

(/nix/store/z52hy8jvjaxzabb28qfqa6acnxkp5q31-texlive-combined-full-2023-final-t
exmfdist/tex/latex/amsmath/amsmath.sty
Package: amsmath 2023/05/13 v2.17o AMS math features
\@mathmargin=\skip49

For additional information on amsmath, use the `?' option.

(/nix/store/z52hy8jvjaxzabb28qfqa6acnxkp5q31-texlive-combined-full-2023-final-t
exmfdist/tex/latex/amsmath/amstext.sty
Package: amstext 2021/08/26 v2.01 AMS text

(/nix/store/z52hy8jvjaxzabb28qfqa6acnxkp5q31-texlive-combined-full-2023-final-t
exmfdist/tex/latex/amsmath/amsgen.sty
File: amsgen.sty 1999/11/30 v2.0 generic functions
\@emptytoks=\toks17
\ex@=\dimen142
))
(/nix/store/z52hy8jvjaxzabb28qfqa6acnxkp5q31-texlive-combined-full-2023-final-t
exmfdist/tex/latex/amsmath/amsbsy.sty
Package: amsbsy 1999/11/29 v1.2d Bold Symbols
\pmbraise@=\dimen143
)
(/nix/store/z52hy8jvjaxzabb28qfqa6acnxkp5q31-texlive-combined-full-2023-final-t
exmfdist/tex/latex/amsmath/amsopn.sty
Package: amsopn 2022/04/08 v2.04 operator names
)
\inf@bad=\count188
LaTeX Info: Redefining \frac on input line 234.
\uproot@=\count189
\leftroot@=\count190
LaTeX Info: Redefining \overline on input line 399.
LaTeX Info: Redefining \colon on input line 410.
\classnum@=\count191
\DOTSCASE@=\count192
LaTeX Info: Redefining \ldots on input line 496.
LaTeX Info: Redefining \dots on input line 499.
LaTeX Info: Redefining \cdots on input line 620.
\Mathstrutbox@=\box51
\strutbox@=\box52
LaTeX Info: Redefining \big on input line 722.
LaTeX Info: Redefining \Big on input line 723.
LaTeX Info: Redefining \bigg on input line 724.
LaTeX Info: Redefining \Bigg on input line 725.
\big@size=\dimen144
LaTeX Font Info:    Redeclaring font encoding OML on input line 743.
LaTeX Font Info:    Redeclaring font encoding OMS on input line 744.
\macc@depth=\count193
LaTeX Info: Redefining \bmod on input line 905.
LaTeX Info: Redefining \pmod on input line 910.
LaTeX Info: Redefining \smash on input line 940.
LaTeX Info: Redefining \relbar on input line 970.
LaTeX Info: Redefining \Relbar on input line 971.
\c@MaxMatrixCols=\count194
\dotsspace@=\muskip16
\c@parentequation=\count195
\dspbrk@lvl=\count196
\tag@help=\toks18
\row@=\count197
\column@=\count198
\maxfields@=\count199
\andhelp@=\toks19
\eqnshift@=\dimen145
\alignsep@=\dimen146
\tagshift@=\dimen147
\tagwidth@=\dimen148
\totwidth@=\dimen149
\lineht@=\dimen150
\@envbody=\toks20
\multlinegap=\skip50
\multlinetaggap=\skip51
\mathdisplay@stack=\toks21
LaTeX Info: Redefining \[ on input line 2953.
LaTeX Info: Redefining \] on input line 2954.
)
LaTeX Font Info:    Trying to load font information for U+msa on input line 397
.

(/nix/store/z52hy8jvjaxzabb28qfqa6acnxkp5q31-texlive-combined-full-2023-final-t
exmfdist/tex/latex/amsfonts/umsa.fd
File: umsa.fd 2013/01/14 v3.01 AMS symbols A
)
(/nix/store/z52hy8jvjaxzabb28qfqa6acnxkp5q31-texlive-combined-full-2023-final-t
exmfdist/tex/latex/amsfonts/amsfonts.sty
Package: amsfonts 2013/01/14 v3.01 Basic AMSFonts support
\symAMSa=\mathgroup4
\symAMSb=\mathgroup5
LaTeX Font Info:    Redeclaring math symbol \hbar on input line 98.
LaTeX Font Info:    Overwriting math alphabet `\mathfrak' in version `bold'
(Font)                  U/euf/m/n --> U/euf/b/n on input line 106.
)
\copyins=\insert252
\abstractbox=\box53
\listisep=\skip52
\c@part=\count266
\c@section=\count267
\c@subsection=\count268
\c@subsubsection=\count269
\c@paragraph=\count270
\c@subparagraph=\count271
\c@figure=\count272
\c@table=\count273
\abovecaptionskip=\skip53
\belowcaptionskip=\skip54
\captionindent=\dimen151
\thm@style=\toks22
\thm@bodyfont=\toks23
\thm@headfont=\toks24
\thm@notefont=\toks25
\thm@headpunct=\toks26
\thm@preskip=\skip55
\thm@postskip=\skip56
\thm@headsep=\skip57
\dth@everypar=\toks27
) (./tt.sty

LaTeX Warning: You have requested package `./tt',
               but the package provides `tt'.

Package: tt 

(/nix/store/z52hy8jvjaxzabb28qfqa6acnxkp5q31-texlive-combined-full-2023-final-t
exmfdist/tex/latex/geometry/geometry.sty
Package: geometry 2020/01/02 v5.9 Page Geometry

(/nix/store/z52hy8jvjaxzabb28qfqa6acnxkp5q31-texlive-combined-full-2023-final-t
exmfdist/tex/latex/graphics/keyval.sty
Package: keyval 2022/05/29 v1.15 key=value parser (DPC)
\KV@toks@=\toks28
)
(/nix/store/z52hy8jvjaxzabb28qfqa6acnxkp5q31-texlive-combined-full-2023-final-t
exmfdist/tex/generic/iftex/ifvtex.sty
Package: ifvtex 2019/10/25 v1.7 ifvtex legacy package. Use iftex instead.

(/nix/store/z52hy8jvjaxzabb28qfqa6acnxkp5q31-texlive-combined-full-2023-final-t
exmfdist/tex/generic/iftex/iftex.sty
Package: iftex 2022/02/03 v1.0f TeX engine tests
))
\Gm@cnth=\count274
\Gm@cntv=\count275
\c@Gm@tempcnt=\count276
\Gm@bindingoffset=\dimen152
\Gm@wd@mp=\dimen153
\Gm@odd@mp=\dimen154
\Gm@even@mp=\dimen155
\Gm@layoutwidth=\dimen156
\Gm@layoutheight=\dimen157
\Gm@layouthoffset=\dimen158
\Gm@layoutvoffset=\dimen159
\Gm@dimlist=\toks29
)
(/nix/store/z52hy8jvjaxzabb28qfqa6acnxkp5q31-texlive-combined-full-2023-final-t
exmfdist/tex/generic/babel/babel.sty
Package: babel 2024/02/07 v24.2 The Babel package
\babel@savecnt=\count277
\U@D=\dimen160
\l@unhyphenated=\language89

(/nix/store/z52hy8jvjaxzabb28qfqa6acnxkp5q31-texlive-combined-full-2023-final-t
exmfdist/tex/generic/babel/txtbabel.def)
\bbl@readstream=\read2
\bbl@dirlevel=\count278

(/nix/store/z52hy8jvjaxzabb28qfqa6acnxkp5q31-texlive-combined-full-2023-final-t
exmfdist/tex/generic/babel-english/english.ldf
Language: english 2017/06/06 v3.3r English support from the babel system
Package babel Info: Hyphen rules for 'canadian' set to \l@english
(babel)             (\language0). Reported on input line 102.
Package babel Info: Hyphen rules for 'australian' set to \l@ukenglish
(babel)             (\language23). Reported on input line 105.
Package babel Info: Hyphen rules for 'newzealand' set to \l@ukenglish
(babel)             (\language23). Reported on input line 108.
))
(/nix/store/z52hy8jvjaxzabb28qfqa6acnxkp5q31-texlive-combined-full-2023-final-t
exmfdist/tex/generic/babel/locale/en/babel-english.tex
Package babel Info: Importing font and identification data for english
(babel)             from babel-en.ini. Reported on input line 11.
)
(/nix/store/z52hy8jvjaxzabb28qfqa6acnxkp5q31-texlive-combined-full-2023-final-t
exmfdist/tex/latex/amsfonts/amssymb.sty
Package: amssymb 2013/01/14 v3.01 AMS font symbols
)
(/nix/store/z52hy8jvjaxzabb28qfqa6acnxkp5q31-texlive-combined-full-2023-final-t
exmfdist/tex/latex/graphics/graphicx.sty
Package: graphicx 2021/09/16 v1.2d Enhanced LaTeX Graphics (DPC,SPQR)

(/nix/store/z52hy8jvjaxzabb28qfqa6acnxkp5q31-texlive-combined-full-2023-final-t
exmfdist/tex/latex/graphics/graphics.sty
Package: graphics 2022/03/10 v1.4e Standard LaTeX Graphics (DPC,SPQR)

(/nix/store/z52hy8jvjaxzabb28qfqa6acnxkp5q31-texlive-combined-full-2023-final-t
exmfdist/tex/latex/graphics/trig.sty
Package: trig 2021/08/11 v1.11 sin cos tan (DPC)
)
(/nix/store/z52hy8jvjaxzabb28qfqa6acnxkp5q31-texlive-combined-full-2023-final-t
exmfdist/tex/latex/graphics-cfg/graphics.cfg
File: graphics.cfg 2016/06/04 v1.11 sample graphics configuration
)
Package graphics Info: Driver file: pdftex.def on input line 107.

(/nix/store/z52hy8jvjaxzabb28qfqa6acnxkp5q31-texlive-combined-full-2023-final-t
exmfdist/tex/latex/graphics-def/pdftex.def
File: pdftex.def 2022/09/22 v1.2b Graphics/color driver for pdftex
))
\Gin@req@height=\dimen161
\Gin@req@width=\dimen162
)
(/nix/store/z52hy8jvjaxzabb28qfqa6acnxkp5q31-texlive-combined-full-2023-final-t
exmfdist/tex/latex/mathpartir/mathpartir.sty
Package: mathpartir 2016/02/24 version 1.3.2 Math Paragraph for Typesetting Inf
erence Rules
\mpr@andskip=\skip58
\mpr@lista=\toks30
\mpr@listb=\toks31
\mpr@hlist=\box54
\mpr@vlist=\box55
\mpr@right=\box56
)
(/nix/store/z52hy8jvjaxzabb28qfqa6acnxkp5q31-texlive-combined-full-2023-final-t
exmfdist/tex/latex/tools/xspace.sty
Package: xspace 2014/10/28 v1.13 Space after command names (DPC,MH)
)
(/nix/store/z52hy8jvjaxzabb28qfqa6acnxkp5q31-texlive-combined-full-2023-final-t
exmfdist/tex/latex/mathtools/mathtools.sty
Package: mathtools 2024/03/11 v1.30 mathematical typesetting tools

(/nix/store/z52hy8jvjaxzabb28qfqa6acnxkp5q31-texlive-combined-full-2023-final-t
exmfdist/tex/latex/tools/calc.sty
Package: calc 2023/07/08 v4.3 Infix arithmetic (KKT,FJ)
\calc@Acount=\count279
\calc@Bcount=\count280
\calc@Adimen=\dimen163
\calc@Bdimen=\dimen164
\calc@Askip=\skip59
\calc@Bskip=\skip60
LaTeX Info: Redefining \setlength on input line 80.
LaTeX Info: Redefining \addtolength on input line 81.
\calc@Ccount=\count281
\calc@Cskip=\skip61
)
(/nix/store/z52hy8jvjaxzabb28qfqa6acnxkp5q31-texlive-combined-full-2023-final-t
exmfdist/tex/latex/mathtools/mhsetup.sty
Package: mhsetup 2021/03/18 v1.4 programming setup (MH)
)
\g_MT_multlinerow_int=\count282
\l_MT_multwidth_dim=\dimen165
\origjot=\skip62
\l_MT_shortvdotswithinadjustabove_dim=\dimen166
\l_MT_shortvdotswithinadjustbelow_dim=\dimen167
\l_MT_above_intertext_sep=\dimen168
\l_MT_below_intertext_sep=\dimen169
\l_MT_above_shortintertext_sep=\dimen170
\l_MT_below_shortintertext_sep=\dimen171
\xmathstrut@box=\box57
\xmathstrut@dim=\dimen172
)
(/nix/store/z52hy8jvjaxzabb28qfqa6acnxkp5q31-texlive-combined-full-2023-final-t
exmfdist/tex/latex/tikz-cd/tikz-cd.sty
Package: tikz-cd 2021/05/04 v1.0 Commutative diagrams with TikZ

(/nix/store/z52hy8jvjaxzabb28qfqa6acnxkp5q31-texlive-combined-full-2023-final-t
exmfdist/tex/latex/pgf/frontendlayer/tikz.sty
(/nix/store/z52hy8jvjaxzabb28qfqa6acnxkp5q31-texlive-combined-full-2023-final-t
exmfdist/tex/latex/pgf/basiclayer/pgf.sty
(/nix/store/z52hy8jvjaxzabb28qfqa6acnxkp5q31-texlive-combined-full-2023-final-t
exmfdist/tex/latex/pgf/utilities/pgfrcs.sty
(/nix/store/z52hy8jvjaxzabb28qfqa6acnxkp5q31-texlive-combined-full-2023-final-t
exmfdist/tex/generic/pgf/utilities/pgfutil-common.tex
\pgfutil@everybye=\toks32
\pgfutil@tempdima=\dimen173
\pgfutil@tempdimb=\dimen174
)
(/nix/store/z52hy8jvjaxzabb28qfqa6acnxkp5q31-texlive-combined-full-2023-final-t
exmfdist/tex/generic/pgf/utilities/pgfutil-latex.def
\pgfutil@abb=\box58
)
(/nix/store/z52hy8jvjaxzabb28qfqa6acnxkp5q31-texlive-combined-full-2023-final-t
exmfdist/tex/generic/pgf/utilities/pgfrcs.code.tex
(/nix/store/z52hy8jvjaxzabb28qfqa6acnxkp5q31-texlive-combined-full-2023-final-t
exmfdist/tex/generic/pgf/pgf.revision.tex)
Package: pgfrcs 2023-01-15 v3.1.10 (3.1.10)
))
Package: pgf 2023-01-15 v3.1.10 (3.1.10)

(/nix/store/z52hy8jvjaxzabb28qfqa6acnxkp5q31-texlive-combined-full-2023-final-t
exmfdist/tex/latex/pgf/basiclayer/pgfcore.sty
(/nix/store/z52hy8jvjaxzabb28qfqa6acnxkp5q31-texlive-combined-full-2023-final-t
exmfdist/tex/latex/pgf/systemlayer/pgfsys.sty
(/nix/store/z52hy8jvjaxzabb28qfqa6acnxkp5q31-texlive-combined-full-2023-final-t
exmfdist/tex/generic/pgf/systemlayer/pgfsys.code.tex
Package: pgfsys 2023-01-15 v3.1.10 (3.1.10)

(/nix/store/z52hy8jvjaxzabb28qfqa6acnxkp5q31-texlive-combined-full-2023-final-t
exmfdist/tex/generic/pgf/utilities/pgfkeys.code.tex
\pgfkeys@pathtoks=\toks33
\pgfkeys@temptoks=\toks34

(/nix/store/z52hy8jvjaxzabb28qfqa6acnxkp5q31-texlive-combined-full-2023-final-t
exmfdist/tex/generic/pgf/utilities/pgfkeyslibraryfiltered.code.tex
\pgfkeys@tmptoks=\toks35
))
\pgf@x=\dimen175
\pgf@y=\dimen176
\pgf@xa=\dimen177
\pgf@ya=\dimen178
\pgf@xb=\dimen179
\pgf@yb=\dimen180
\pgf@xc=\dimen181
\pgf@yc=\dimen182
\pgf@xd=\dimen183
\pgf@yd=\dimen184
\w@pgf@writea=\write3
\r@pgf@reada=\read3
\c@pgf@counta=\count283
\c@pgf@countb=\count284
\c@pgf@countc=\count285
\c@pgf@countd=\count286
\t@pgf@toka=\toks36
\t@pgf@tokb=\toks37
\t@pgf@tokc=\toks38
\pgf@sys@id@count=\count287

(/nix/store/z52hy8jvjaxzabb28qfqa6acnxkp5q31-texlive-combined-full-2023-final-t
exmfdist/tex/generic/pgf/systemlayer/pgf.cfg
File: pgf.cfg 2023-01-15 v3.1.10 (3.1.10)
)
Driver file for pgf: pgfsys-pdftex.def

(/nix/store/z52hy8jvjaxzabb28qfqa6acnxkp5q31-texlive-combined-full-2023-final-t
exmfdist/tex/generic/pgf/systemlayer/pgfsys-pdftex.def
File: pgfsys-pdftex.def 2023-01-15 v3.1.10 (3.1.10)

(/nix/store/z52hy8jvjaxzabb28qfqa6acnxkp5q31-texlive-combined-full-2023-final-t
exmfdist/tex/generic/pgf/systemlayer/pgfsys-common-pdf.def
File: pgfsys-common-pdf.def 2023-01-15 v3.1.10 (3.1.10)
)))
(/nix/store/z52hy8jvjaxzabb28qfqa6acnxkp5q31-texlive-combined-full-2023-final-t
exmfdist/tex/generic/pgf/systemlayer/pgfsyssoftpath.code.tex
File: pgfsyssoftpath.code.tex 2023-01-15 v3.1.10 (3.1.10)
\pgfsyssoftpath@smallbuffer@items=\count288
\pgfsyssoftpath@bigbuffer@items=\count289
)
(/nix/store/z52hy8jvjaxzabb28qfqa6acnxkp5q31-texlive-combined-full-2023-final-t
exmfdist/tex/generic/pgf/systemlayer/pgfsysprotocol.code.tex
File: pgfsysprotocol.code.tex 2023-01-15 v3.1.10 (3.1.10)
))
(/nix/store/z52hy8jvjaxzabb28qfqa6acnxkp5q31-texlive-combined-full-2023-final-t
exmfdist/tex/latex/xcolor/xcolor.sty
Package: xcolor 2023/11/15 v3.01 LaTeX color extensions (UK)

(/nix/store/z52hy8jvjaxzabb28qfqa6acnxkp5q31-texlive-combined-full-2023-final-t
exmfdist/tex/latex/graphics-cfg/color.cfg
File: color.cfg 2016/01/02 v1.6 sample color configuration
)
Package xcolor Info: Driver file: pdftex.def on input line 274.

(/nix/store/z52hy8jvjaxzabb28qfqa6acnxkp5q31-texlive-combined-full-2023-final-t
exmfdist/tex/latex/graphics/mathcolor.ltx)
Package xcolor Info: Model `cmy' substituted by `cmy0' on input line 1350.
Package xcolor Info: Model `hsb' substituted by `rgb' on input line 1354.
Package xcolor Info: Model `RGB' extended on input line 1366.
Package xcolor Info: Model `HTML' substituted by `rgb' on input line 1368.
Package xcolor Info: Model `Hsb' substituted by `hsb' on input line 1369.
Package xcolor Info: Model `tHsb' substituted by `hsb' on input line 1370.
Package xcolor Info: Model `HSB' substituted by `hsb' on input line 1371.
Package xcolor Info: Model `Gray' substituted by `gray' on input line 1372.
Package xcolor Info: Model `wave' substituted by `hsb' on input line 1373.
)
(/nix/store/z52hy8jvjaxzabb28qfqa6acnxkp5q31-texlive-combined-full-2023-final-t
exmfdist/tex/generic/pgf/basiclayer/pgfcore.code.tex
Package: pgfcore 2023-01-15 v3.1.10 (3.1.10)

(/nix/store/z52hy8jvjaxzabb28qfqa6acnxkp5q31-texlive-combined-full-2023-final-t
exmfdist/tex/generic/pgf/math/pgfmath.code.tex
(/nix/store/z52hy8jvjaxzabb28qfqa6acnxkp5q31-texlive-combined-full-2023-final-t
exmfdist/tex/generic/pgf/math/pgfmathutil.code.tex)
(/nix/store/z52hy8jvjaxzabb28qfqa6acnxkp5q31-texlive-combined-full-2023-final-t
exmfdist/tex/generic/pgf/math/pgfmathparser.code.tex
\pgfmath@dimen=\dimen185
\pgfmath@count=\count290
\pgfmath@box=\box59
\pgfmath@toks=\toks39
\pgfmath@stack@operand=\toks40
\pgfmath@stack@operation=\toks41
)
(/nix/store/z52hy8jvjaxzabb28qfqa6acnxkp5q31-texlive-combined-full-2023-final-t
exmfdist/tex/generic/pgf/math/pgfmathfunctions.code.tex)
(/nix/store/z52hy8jvjaxzabb28qfqa6acnxkp5q31-texlive-combined-full-2023-final-t
exmfdist/tex/generic/pgf/math/pgfmathfunctions.basic.code.tex)
(/nix/store/z52hy8jvjaxzabb28qfqa6acnxkp5q31-texlive-combined-full-2023-final-t
exmfdist/tex/generic/pgf/math/pgfmathfunctions.trigonometric.code.tex)
(/nix/store/z52hy8jvjaxzabb28qfqa6acnxkp5q31-texlive-combined-full-2023-final-t
exmfdist/tex/generic/pgf/math/pgfmathfunctions.random.code.tex)
(/nix/store/z52hy8jvjaxzabb28qfqa6acnxkp5q31-texlive-combined-full-2023-final-t
exmfdist/tex/generic/pgf/math/pgfmathfunctions.comparison.code.tex)
(/nix/store/z52hy8jvjaxzabb28qfqa6acnxkp5q31-texlive-combined-full-2023-final-t
exmfdist/tex/generic/pgf/math/pgfmathfunctions.base.code.tex)
(/nix/store/z52hy8jvjaxzabb28qfqa6acnxkp5q31-texlive-combined-full-2023-final-t
exmfdist/tex/generic/pgf/math/pgfmathfunctions.round.code.tex)
(/nix/store/z52hy8jvjaxzabb28qfqa6acnxkp5q31-texlive-combined-full-2023-final-t
exmfdist/tex/generic/pgf/math/pgfmathfunctions.misc.code.tex)
(/nix/store/z52hy8jvjaxzabb28qfqa6acnxkp5q31-texlive-combined-full-2023-final-t
exmfdist/tex/generic/pgf/math/pgfmathfunctions.integerarithmetics.code.tex)
(/nix/store/z52hy8jvjaxzabb28qfqa6acnxkp5q31-texlive-combined-full-2023-final-t
exmfdist/tex/generic/pgf/math/pgfmathcalc.code.tex)
(/nix/store/z52hy8jvjaxzabb28qfqa6acnxkp5q31-texlive-combined-full-2023-final-t
exmfdist/tex/generic/pgf/math/pgfmathfloat.code.tex
\c@pgfmathroundto@lastzeros=\count291
))
(/nix/store/z52hy8jvjaxzabb28qfqa6acnxkp5q31-texlive-combined-full-2023-final-t
exmfdist/tex/generic/pgf/math/pgfint.code.tex)
(/nix/store/z52hy8jvjaxzabb28qfqa6acnxkp5q31-texlive-combined-full-2023-final-t
exmfdist/tex/generic/pgf/basiclayer/pgfcorepoints.code.tex
File: pgfcorepoints.code.tex 2023-01-15 v3.1.10 (3.1.10)
\pgf@picminx=\dimen186
\pgf@picmaxx=\dimen187
\pgf@picminy=\dimen188
\pgf@picmaxy=\dimen189
\pgf@pathminx=\dimen190
\pgf@pathmaxx=\dimen191
\pgf@pathminy=\dimen192
\pgf@pathmaxy=\dimen193
\pgf@xx=\dimen194
\pgf@xy=\dimen195
\pgf@yx=\dimen196
\pgf@yy=\dimen197
\pgf@zx=\dimen198
\pgf@zy=\dimen199
)
(/nix/store/z52hy8jvjaxzabb28qfqa6acnxkp5q31-texlive-combined-full-2023-final-t
exmfdist/tex/generic/pgf/basiclayer/pgfcorepathconstruct.code.tex
File: pgfcorepathconstruct.code.tex 2023-01-15 v3.1.10 (3.1.10)
\pgf@path@lastx=\dimen256
\pgf@path@lasty=\dimen257
)
(/nix/store/z52hy8jvjaxzabb28qfqa6acnxkp5q31-texlive-combined-full-2023-final-t
exmfdist/tex/generic/pgf/basiclayer/pgfcorepathusage.code.tex
File: pgfcorepathusage.code.tex 2023-01-15 v3.1.10 (3.1.10)
\pgf@shorten@end@additional=\dimen258
\pgf@shorten@start@additional=\dimen259
)
(/nix/store/z52hy8jvjaxzabb28qfqa6acnxkp5q31-texlive-combined-full-2023-final-t
exmfdist/tex/generic/pgf/basiclayer/pgfcorescopes.code.tex
File: pgfcorescopes.code.tex 2023-01-15 v3.1.10 (3.1.10)
\pgfpic=\box60
\pgf@hbox=\box61
\pgf@layerbox@main=\box62
\pgf@picture@serial@count=\count292
)
(/nix/store/z52hy8jvjaxzabb28qfqa6acnxkp5q31-texlive-combined-full-2023-final-t
exmfdist/tex/generic/pgf/basiclayer/pgfcoregraphicstate.code.tex
File: pgfcoregraphicstate.code.tex 2023-01-15 v3.1.10 (3.1.10)
\pgflinewidth=\dimen260
)
(/nix/store/z52hy8jvjaxzabb28qfqa6acnxkp5q31-texlive-combined-full-2023-final-t
exmfdist/tex/generic/pgf/basiclayer/pgfcoretransformations.code.tex
File: pgfcoretransformations.code.tex 2023-01-15 v3.1.10 (3.1.10)
\pgf@pt@x=\dimen261
\pgf@pt@y=\dimen262
\pgf@pt@temp=\dimen263
)
(/nix/store/z52hy8jvjaxzabb28qfqa6acnxkp5q31-texlive-combined-full-2023-final-t
exmfdist/tex/generic/pgf/basiclayer/pgfcorequick.code.tex
File: pgfcorequick.code.tex 2023-01-15 v3.1.10 (3.1.10)
)
(/nix/store/z52hy8jvjaxzabb28qfqa6acnxkp5q31-texlive-combined-full-2023-final-t
exmfdist/tex/generic/pgf/basiclayer/pgfcoreobjects.code.tex
File: pgfcoreobjects.code.tex 2023-01-15 v3.1.10 (3.1.10)
)
(/nix/store/z52hy8jvjaxzabb28qfqa6acnxkp5q31-texlive-combined-full-2023-final-t
exmfdist/tex/generic/pgf/basiclayer/pgfcorepathprocessing.code.tex
File: pgfcorepathprocessing.code.tex 2023-01-15 v3.1.10 (3.1.10)
)
(/nix/store/z52hy8jvjaxzabb28qfqa6acnxkp5q31-texlive-combined-full-2023-final-t
exmfdist/tex/generic/pgf/basiclayer/pgfcorearrows.code.tex
File: pgfcorearrows.code.tex 2023-01-15 v3.1.10 (3.1.10)
\pgfarrowsep=\dimen264
)
(/nix/store/z52hy8jvjaxzabb28qfqa6acnxkp5q31-texlive-combined-full-2023-final-t
exmfdist/tex/generic/pgf/basiclayer/pgfcoreshade.code.tex
File: pgfcoreshade.code.tex 2023-01-15 v3.1.10 (3.1.10)
\pgf@max=\dimen265
\pgf@sys@shading@range@num=\count293
\pgf@shadingcount=\count294
)
(/nix/store/z52hy8jvjaxzabb28qfqa6acnxkp5q31-texlive-combined-full-2023-final-t
exmfdist/tex/generic/pgf/basiclayer/pgfcoreimage.code.tex
File: pgfcoreimage.code.tex 2023-01-15 v3.1.10 (3.1.10)
)
(/nix/store/z52hy8jvjaxzabb28qfqa6acnxkp5q31-texlive-combined-full-2023-final-t
exmfdist/tex/generic/pgf/basiclayer/pgfcoreexternal.code.tex
File: pgfcoreexternal.code.tex 2023-01-15 v3.1.10 (3.1.10)
\pgfexternal@startupbox=\box63
)
(/nix/store/z52hy8jvjaxzabb28qfqa6acnxkp5q31-texlive-combined-full-2023-final-t
exmfdist/tex/generic/pgf/basiclayer/pgfcorelayers.code.tex
File: pgfcorelayers.code.tex 2023-01-15 v3.1.10 (3.1.10)
)
(/nix/store/z52hy8jvjaxzabb28qfqa6acnxkp5q31-texlive-combined-full-2023-final-t
exmfdist/tex/generic/pgf/basiclayer/pgfcoretransparency.code.tex
File: pgfcoretransparency.code.tex 2023-01-15 v3.1.10 (3.1.10)
)
(/nix/store/z52hy8jvjaxzabb28qfqa6acnxkp5q31-texlive-combined-full-2023-final-t
exmfdist/tex/generic/pgf/basiclayer/pgfcorepatterns.code.tex
File: pgfcorepatterns.code.tex 2023-01-15 v3.1.10 (3.1.10)
)
(/nix/store/z52hy8jvjaxzabb28qfqa6acnxkp5q31-texlive-combined-full-2023-final-t
exmfdist/tex/generic/pgf/basiclayer/pgfcorerdf.code.tex
File: pgfcorerdf.code.tex 2023-01-15 v3.1.10 (3.1.10)
)))
(/nix/store/z52hy8jvjaxzabb28qfqa6acnxkp5q31-texlive-combined-full-2023-final-t
exmfdist/tex/generic/pgf/modules/pgfmoduleshapes.code.tex
File: pgfmoduleshapes.code.tex 2023-01-15 v3.1.10 (3.1.10)
\pgfnodeparttextbox=\box64
)
(/nix/store/z52hy8jvjaxzabb28qfqa6acnxkp5q31-texlive-combined-full-2023-final-t
exmfdist/tex/generic/pgf/modules/pgfmoduleplot.code.tex
File: pgfmoduleplot.code.tex 2023-01-15 v3.1.10 (3.1.10)
)
(/nix/store/z52hy8jvjaxzabb28qfqa6acnxkp5q31-texlive-combined-full-2023-final-t
exmfdist/tex/latex/pgf/compatibility/pgfcomp-version-0-65.sty
Package: pgfcomp-version-0-65 2023-01-15 v3.1.10 (3.1.10)
\pgf@nodesepstart=\dimen266
\pgf@nodesepend=\dimen267
)
(/nix/store/z52hy8jvjaxzabb28qfqa6acnxkp5q31-texlive-combined-full-2023-final-t
exmfdist/tex/latex/pgf/compatibility/pgfcomp-version-1-18.sty
Package: pgfcomp-version-1-18 2023-01-15 v3.1.10 (3.1.10)
))
(/nix/store/z52hy8jvjaxzabb28qfqa6acnxkp5q31-texlive-combined-full-2023-final-t
exmfdist/tex/latex/pgf/utilities/pgffor.sty
(/nix/store/z52hy8jvjaxzabb28qfqa6acnxkp5q31-texlive-combined-full-2023-final-t
exmfdist/tex/latex/pgf/utilities/pgfkeys.sty
(/nix/store/z52hy8jvjaxzabb28qfqa6acnxkp5q31-texlive-combined-full-2023-final-t
exmfdist/tex/generic/pgf/utilities/pgfkeys.code.tex))
(/nix/store/z52hy8jvjaxzabb28qfqa6acnxkp5q31-texlive-combined-full-2023-final-t
exmfdist/tex/latex/pgf/math/pgfmath.sty
(/nix/store/z52hy8jvjaxzabb28qfqa6acnxkp5q31-texlive-combined-full-2023-final-t
exmfdist/tex/generic/pgf/math/pgfmath.code.tex))
(/nix/store/z52hy8jvjaxzabb28qfqa6acnxkp5q31-texlive-combined-full-2023-final-t
exmfdist/tex/generic/pgf/utilities/pgffor.code.tex
Package: pgffor 2023-01-15 v3.1.10 (3.1.10)
\pgffor@iter=\dimen268
\pgffor@skip=\dimen269
\pgffor@stack=\toks42
\pgffor@toks=\toks43
))
(/nix/store/z52hy8jvjaxzabb28qfqa6acnxkp5q31-texlive-combined-full-2023-final-t
exmfdist/tex/generic/pgf/frontendlayer/tikz/tikz.code.tex
Package: tikz 2023-01-15 v3.1.10 (3.1.10)

(/nix/store/z52hy8jvjaxzabb28qfqa6acnxkp5q31-texlive-combined-full-2023-final-t
exmfdist/tex/generic/pgf/libraries/pgflibraryplothandlers.code.tex
File: pgflibraryplothandlers.code.tex 2023-01-15 v3.1.10 (3.1.10)
\pgf@plot@mark@count=\count295
\pgfplotmarksize=\dimen270
)
\tikz@lastx=\dimen271
\tikz@lasty=\dimen272
\tikz@lastxsaved=\dimen273
\tikz@lastysaved=\dimen274
\tikz@lastmovetox=\dimen275
\tikz@lastmovetoy=\dimen276
\tikzleveldistance=\dimen277
\tikzsiblingdistance=\dimen278
\tikz@figbox=\box65
\tikz@figbox@bg=\box66
\tikz@tempbox=\box67
\tikz@tempbox@bg=\box68
\tikztreelevel=\count296
\tikznumberofchildren=\count297
\tikznumberofcurrentchild=\count298
\tikz@fig@count=\count299

(/nix/store/z52hy8jvjaxzabb28qfqa6acnxkp5q31-texlive-combined-full-2023-final-t
exmfdist/tex/generic/pgf/modules/pgfmodulematrix.code.tex
File: pgfmodulematrix.code.tex 2023-01-15 v3.1.10 (3.1.10)
\pgfmatrixcurrentrow=\count300
\pgfmatrixcurrentcolumn=\count301
\pgf@matrix@numberofcolumns=\count302
)
\tikz@expandcount=\count303

(/nix/store/z52hy8jvjaxzabb28qfqa6acnxkp5q31-texlive-combined-full-2023-final-t
exmfdist/tex/generic/pgf/frontendlayer/tikz/libraries/tikzlibrarytopaths.code.t
ex
File: tikzlibrarytopaths.code.tex 2023-01-15 v3.1.10 (3.1.10)
)))
(/nix/store/z52hy8jvjaxzabb28qfqa6acnxkp5q31-texlive-combined-full-2023-final-t
exmfdist/tex/generic/tikz-cd/tikzlibrarycd.code.tex
(/nix/store/z52hy8jvjaxzabb28qfqa6acnxkp5q31-texlive-combined-full-2023-final-t
exmfdist/tex/generic/pgf/frontendlayer/tikz/libraries/tikzlibrarymatrix.code.te
x
File: tikzlibrarymatrix.code.tex 2023-01-15 v3.1.10 (3.1.10)
)
(/nix/store/z52hy8jvjaxzabb28qfqa6acnxkp5q31-texlive-combined-full-2023-final-t
exmfdist/tex/generic/pgf/frontendlayer/tikz/libraries/tikzlibraryquotes.code.te
x
File: tikzlibraryquotes.code.tex 2023-01-15 v3.1.10 (3.1.10)
)
(/nix/store/z52hy8jvjaxzabb28qfqa6acnxkp5q31-texlive-combined-full-2023-final-t
exmfdist/tex/generic/pgf/libraries/pgflibraryarrows.meta.code.tex
File: pgflibraryarrows.meta.code.tex 2023-01-15 v3.1.10 (3.1.10)
\pgfarrowinset=\dimen279
\pgfarrowlength=\dimen280
\pgfarrowwidth=\dimen281
\pgfarrowlinewidth=\dimen282
)))
(/nix/store/z52hy8jvjaxzabb28qfqa6acnxkp5q31-texlive-combined-full-2023-final-t
exmfdist/tex/generic/pgf/frontendlayer/tikz/libraries/tikzlibrarycalc.code.tex
File: tikzlibrarycalc.code.tex 2023-01-15 v3.1.10 (3.1.10)
)
(/nix/store/z52hy8jvjaxzabb28qfqa6acnxkp5q31-texlive-combined-full-2023-final-t
exmfdist/tex/generic/pgf/frontendlayer/tikz/libraries/tikzlibraryarrows.code.te
x
File: tikzlibraryarrows.code.tex 2023-01-15 v3.1.10 (3.1.10)

(/nix/store/z52hy8jvjaxzabb28qfqa6acnxkp5q31-texlive-combined-full-2023-final-t
exmfdist/tex/generic/pgf/libraries/pgflibraryarrows.code.tex
File: pgflibraryarrows.code.tex 2023-01-15 v3.1.10 (3.1.10)
\arrowsize=\dimen283
))
(/nix/store/z52hy8jvjaxzabb28qfqa6acnxkp5q31-texlive-combined-full-2023-final-t
exmfdist/tex/latex/bbm-macros/bbm.sty
Package: bbm 1999/03/15 V 1.2 provides fonts for set symbols - TH
LaTeX Font Info:    Overwriting math alphabet `\mathbbm' in version `bold'
(Font)                  U/bbm/m/n --> U/bbm/bx/n on input line 33.
LaTeX Font Info:    Overwriting math alphabet `\mathbbmss' in version `bold'
(Font)                  U/bbmss/m/n --> U/bbmss/bx/n on input line 35.
)
(/nix/store/z52hy8jvjaxzabb28qfqa6acnxkp5q31-texlive-combined-full-2023-final-t
exmfdist/tex/latex/tools/tabularx.sty
Package: tabularx 2023/07/08 v2.11c `tabularx' package (DPC)

(/nix/store/z52hy8jvjaxzabb28qfqa6acnxkp5q31-texlive-combined-full-2023-final-t
exmfdist/tex/latex/tools/array.sty
Package: array 2023/10/16 v2.5g Tabular extension package (FMi)
\col@sep=\dimen284
\ar@mcellbox=\box69
\extrarowheight=\dimen285
\NC@list=\toks44
\extratabsurround=\skip63
\backup@length=\skip64
\ar@cellbox=\box70
)
\TX@col@width=\dimen286
\TX@old@table=\dimen287
\TX@old@col=\dimen288
\TX@target=\dimen289
\TX@delta=\dimen290
\TX@cols=\count304
\TX@ftn=\toks45
)
(/nix/store/z52hy8jvjaxzabb28qfqa6acnxkp5q31-texlive-combined-full-2023-final-t
exmfdist/tex/latex/hyperref/hyperref.sty
Package: hyperref 2024-01-20 v7.01h Hypertext links for LaTeX

(/nix/store/z52hy8jvjaxzabb28qfqa6acnxkp5q31-texlive-combined-full-2023-final-t
exmfdist/tex/latex/kvsetkeys/kvsetkeys.sty
Package: kvsetkeys 2022-10-05 v1.19 Key value parser (HO)
)
(/nix/store/z52hy8jvjaxzabb28qfqa6acnxkp5q31-texlive-combined-full-2023-final-t
exmfdist/tex/generic/kvdefinekeys/kvdefinekeys.sty
Package: kvdefinekeys 2019-12-19 v1.6 Define keys (HO)
)
(/nix/store/z52hy8jvjaxzabb28qfqa6acnxkp5q31-texlive-combined-full-2023-final-t
exmfdist/tex/generic/pdfescape/pdfescape.sty
Package: pdfescape 2019/12/09 v1.15 Implements pdfTeX's escape features (HO)

(/nix/store/z52hy8jvjaxzabb28qfqa6acnxkp5q31-texlive-combined-full-2023-final-t
exmfdist/tex/generic/ltxcmds/ltxcmds.sty
Package: ltxcmds 2023-12-04 v1.26 LaTeX kernel commands for general use (HO)
)
(/nix/store/z52hy8jvjaxzabb28qfqa6acnxkp5q31-texlive-combined-full-2023-final-t
exmfdist/tex/generic/pdftexcmds/pdftexcmds.sty
Package: pdftexcmds 2020-06-27 v0.33 Utility functions of pdfTeX for LuaTeX (HO
)

(/nix/store/z52hy8jvjaxzabb28qfqa6acnxkp5q31-texlive-combined-full-2023-final-t
exmfdist/tex/generic/infwarerr/infwarerr.sty
Package: infwarerr 2019/12/03 v1.5 Providing info/warning/error messages (HO)
)
Package pdftexcmds Info: \pdf@primitive is available.
Package pdftexcmds Info: \pdf@ifprimitive is available.
Package pdftexcmds Info: \pdfdraftmode found.
))
(/nix/store/z52hy8jvjaxzabb28qfqa6acnxkp5q31-texlive-combined-full-2023-final-t
exmfdist/tex/latex/hycolor/hycolor.sty
Package: hycolor 2020-01-27 v1.10 Color options for hyperref/bookmark (HO)
)
(/nix/store/z52hy8jvjaxzabb28qfqa6acnxkp5q31-texlive-combined-full-2023-final-t
exmfdist/tex/latex/auxhook/auxhook.sty
Package: auxhook 2019-12-17 v1.6 Hooks for auxiliary files (HO)
)
(/nix/store/z52hy8jvjaxzabb28qfqa6acnxkp5q31-texlive-combined-full-2023-final-t
exmfdist/tex/latex/hyperref/nameref.sty
Package: nameref 2023-11-26 v2.56 Cross-referencing by name of section

(/nix/store/z52hy8jvjaxzabb28qfqa6acnxkp5q31-texlive-combined-full-2023-final-t
exmfdist/tex/latex/refcount/refcount.sty
Package: refcount 2019/12/15 v3.6 Data extraction from label references (HO)
)
(/nix/store/z52hy8jvjaxzabb28qfqa6acnxkp5q31-texlive-combined-full-2023-final-t
exmfdist/tex/generic/gettitlestring/gettitlestring.sty
Package: gettitlestring 2019/12/15 v1.6 Cleanup title references (HO)

(/nix/store/z52hy8jvjaxzabb28qfqa6acnxkp5q31-texlive-combined-full-2023-final-t
exmfdist/tex/latex/kvoptions/kvoptions.sty
Package: kvoptions 2022-06-15 v3.15 Key value format for package options (HO)
))
\c@section@level=\count305
)
(/nix/store/z52hy8jvjaxzabb28qfqa6acnxkp5q31-texlive-combined-full-2023-final-t
exmfdist/tex/latex/etoolbox/etoolbox.sty
Package: etoolbox 2020/10/05 v2.5k e-TeX tools for LaTeX (JAW)
\etb@tempcnta=\count306
)
\@linkdim=\dimen291
\Hy@linkcounter=\count307
\Hy@pagecounter=\count308

(/nix/store/z52hy8jvjaxzabb28qfqa6acnxkp5q31-texlive-combined-full-2023-final-t
exmfdist/tex/latex/hyperref/pd1enc.def
File: pd1enc.def 2024-01-20 v7.01h Hyperref: PDFDocEncoding definition (HO)
Now handling font encoding PD1 ...
... no UTF-8 mapping file for font encoding PD1
)
(/nix/store/z52hy8jvjaxzabb28qfqa6acnxkp5q31-texlive-combined-full-2023-final-t
exmfdist/tex/generic/intcalc/intcalc.sty
Package: intcalc 2019/12/15 v1.3 Expandable calculations with integers (HO)
)
\Hy@SavedSpaceFactor=\count309

(/nix/store/z52hy8jvjaxzabb28qfqa6acnxkp5q31-texlive-combined-full-2023-final-t
exmfdist/tex/latex/hyperref/puenc.def
File: puenc.def 2024-01-20 v7.01h Hyperref: PDF Unicode definition (HO)
Now handling font encoding PU ...
... no UTF-8 mapping file for font encoding PU
)
Package hyperref Info: Option `colorlinks' set `true' on input line 4062.
Package hyperref Info: Hyper figures OFF on input line 4179.
Package hyperref Info: Link nesting OFF on input line 4184.
Package hyperref Info: Hyper index ON on input line 4187.
Package hyperref Info: Plain pages OFF on input line 4194.
Package hyperref Info: Backreferencing OFF on input line 4199.
Package hyperref Info: Implicit mode ON; LaTeX internals redefined.
Package hyperref Info: Bookmarks ON on input line 4446.
\c@Hy@tempcnt=\count310

(/nix/store/z52hy8jvjaxzabb28qfqa6acnxkp5q31-texlive-combined-full-2023-final-t
exmfdist/tex/latex/url/url.sty
\Urlmuskip=\muskip17
Package: url 2013/09/16  ver 3.4  Verb mode for urls, etc.
)
LaTeX Info: Redefining \url on input line 4784.
\XeTeXLinkMargin=\dimen292

(/nix/store/z52hy8jvjaxzabb28qfqa6acnxkp5q31-texlive-combined-full-2023-final-t
exmfdist/tex/generic/bitset/bitset.sty
Package: bitset 2019/12/09 v1.3 Handle bit-vector datatype (HO)

(/nix/store/z52hy8jvjaxzabb28qfqa6acnxkp5q31-texlive-combined-full-2023-final-t
exmfdist/tex/generic/bigintcalc/bigintcalc.sty
Package: bigintcalc 2019/12/15 v1.5 Expandable calculations on big integers (HO
)
))
\Fld@menulength=\count311
\Field@Width=\dimen293
\Fld@charsize=\dimen294
Package hyperref Info: Hyper figures OFF on input line 6063.
Package hyperref Info: Link nesting OFF on input line 6068.
Package hyperref Info: Hyper index ON on input line 6071.
Package hyperref Info: backreferencing OFF on input line 6078.
Package hyperref Info: Link coloring ON on input line 6081.
Package hyperref Info: Link coloring with OCG OFF on input line 6088.
Package hyperref Info: PDF/A mode OFF on input line 6093.

(/nix/store/z52hy8jvjaxzabb28qfqa6acnxkp5q31-texlive-combined-full-2023-final-t
exmfdist/tex/latex/base/atbegshi-ltx.sty
Package: atbegshi-ltx 2021/01/10 v1.0c Emulation of the original atbegshi
package with kernel methods
)
\Hy@abspage=\count312
\c@Item=\count313
\c@Hfootnote=\count314
)
Package hyperref Info: Driver (autodetected): hpdftex.

(/nix/store/z52hy8jvjaxzabb28qfqa6acnxkp5q31-texlive-combined-full-2023-final-t
exmfdist/tex/latex/hyperref/hpdftex.def
File: hpdftex.def 2024-01-20 v7.01h Hyperref driver for pdfTeX

(/nix/store/z52hy8jvjaxzabb28qfqa6acnxkp5q31-texlive-combined-full-2023-final-t
exmfdist/tex/latex/base/atveryend-ltx.sty
Package: atveryend-ltx 2020/08/19 v1.0a Emulation of the original atveryend pac
kage
with kernel methods
)
\Fld@listcount=\count315
\c@bookmark@seq@number=\count316

(/nix/store/z52hy8jvjaxzabb28qfqa6acnxkp5q31-texlive-combined-full-2023-final-t
exmfdist/tex/latex/rerunfilecheck/rerunfilecheck.sty
Package: rerunfilecheck 2022-07-10 v1.10 Rerun checks for auxiliary files (HO)

(/nix/store/z52hy8jvjaxzabb28qfqa6acnxkp5q31-texlive-combined-full-2023-final-t
exmfdist/tex/generic/uniquecounter/uniquecounter.sty
Package: uniquecounter 2019/12/15 v1.4 Provide unlimited unique counter (HO)
)
Package uniquecounter Info: New unique counter `rerunfilecheck' on input line 2
85.
)
\Hy@SectionHShift=\skip65
)
\c@thm=\count317

(/nix/store/z52hy8jvjaxzabb28qfqa6acnxkp5q31-texlive-combined-full-2023-final-t
exmfdist/tex/latex/biblatex/biblatex.sty
Package: biblatex 2023/03/05 v3.19 programmable bibliographies (PK/MW)

(/nix/store/z52hy8jvjaxzabb28qfqa6acnxkp5q31-texlive-combined-full-2023-final-t
exmfdist/tex/latex/logreq/logreq.sty
Package: logreq 2010/08/04 v1.0 xml request logger
\lrq@indent=\count318

(/nix/store/z52hy8jvjaxzabb28qfqa6acnxkp5q31-texlive-combined-full-2023-final-t
exmfdist/tex/latex/logreq/logreq.def
File: logreq.def 2010/08/04 v1.0 logreq spec v1.0
))
(/nix/store/z52hy8jvjaxzabb28qfqa6acnxkp5q31-texlive-combined-full-2023-final-t
exmfdist/tex/latex/base/ifthen.sty
Package: ifthen 2022/04/13 v1.1d Standard LaTeX ifthen package (DPC)
)
\c@tabx@nest=\count319
\c@listtotal=\count320
\c@listcount=\count321
\c@liststart=\count322
\c@liststop=\count323
\c@citecount=\count324
\c@citetotal=\count325
\c@multicitecount=\count326
\c@multicitetotal=\count327
\c@instcount=\count328
\c@maxnames=\count329
\c@minnames=\count330
\c@maxitems=\count331
\c@minitems=\count332
\c@citecounter=\count333
\c@maxcitecounter=\count334
\c@savedcitecounter=\count335
\c@uniquelist=\count336
\c@uniquename=\count337
\c@refsection=\count338
\c@refsegment=\count339
\c@maxextratitle=\count340
\c@maxextratitleyear=\count341
\c@maxextraname=\count342
\c@maxextradate=\count343
\c@maxextraalpha=\count344
\c@abbrvpenalty=\count345
\c@highnamepenalty=\count346
\c@lownamepenalty=\count347
\c@maxparens=\count348
\c@parenlevel=\count349
\blx@tempcnta=\count350
\blx@tempcntb=\count351
\blx@tempcntc=\count352
\c@blx@maxsection=\count353
\blx@maxsegment@0=\count354
\blx@notetype=\count355
\blx@parenlevel@text=\count356
\blx@parenlevel@foot=\count357
\blx@sectionciteorder@0=\count358
\blx@sectionciteorderinternal@0=\count359
\blx@entrysetcounter=\count360
\blx@biblioinstance=\count361
\labelnumberwidth=\skip66
\labelalphawidth=\skip67
\biblabelsep=\skip68
\bibitemsep=\skip69
\bibnamesep=\skip70
\bibinitsep=\skip71
\bibparsep=\skip72
\bibhang=\skip73
\blx@bcfin=\read4
\blx@bcfout=\write4
\blx@langwohyphens=\language90
\c@mincomprange=\count362
\c@maxcomprange=\count363
\c@mincompwidth=\count364
Package biblatex Info: Trying to load biblatex default data model...
Package biblatex Info: ... file 'blx-dm.def' found.

(/nix/store/z52hy8jvjaxzabb28qfqa6acnxkp5q31-texlive-combined-full-2023-final-t
exmfdist/tex/latex/biblatex/blx-dm.def
File: blx-dm.def 2023/03/05 v3.19 biblatex localization (PK/MW)
)
Package biblatex Info: Trying to load biblatex custom data model...
Package biblatex Info: ... file 'biblatex-dm.cfg' not found.
\c@afterword=\count365
\c@savedafterword=\count366
\c@annotator=\count367
\c@savedannotator=\count368
\c@author=\count369
\c@savedauthor=\count370
\c@bookauthor=\count371
\c@savedbookauthor=\count372
\c@commentator=\count373
\c@savedcommentator=\count374
\c@editor=\count375
\c@savededitor=\count376
\c@editora=\count377
\c@savededitora=\count378
\c@editorb=\count379
\c@savededitorb=\count380
\c@editorc=\count381
\c@savededitorc=\count382
\c@foreword=\count383
\c@savedforeword=\count384
\c@holder=\count385
\c@savedholder=\count386
\c@introduction=\count387
\c@savedintroduction=\count388
\c@namea=\count389
\c@savednamea=\count390
\c@nameb=\count391
\c@savednameb=\count392
\c@namec=\count393
\c@savednamec=\count394
\c@translator=\count395
\c@savedtranslator=\count396
\c@shortauthor=\count397
\c@savedshortauthor=\count398
\c@shorteditor=\count399
\c@savedshorteditor=\count400
\c@labelname=\count401
\c@savedlabelname=\count402
\c@institution=\count403
\c@savedinstitution=\count404
\c@lista=\count405
\c@savedlista=\count406
\c@listb=\count407
\c@savedlistb=\count408
\c@listc=\count409
\c@savedlistc=\count410
\c@listd=\count411
\c@savedlistd=\count412
\c@liste=\count413
\c@savedliste=\count414
\c@listf=\count415
\c@savedlistf=\count416
\c@location=\count417
\c@savedlocation=\count418
\c@organization=\count419
\c@savedorganization=\count420
\c@origlocation=\count421
\c@savedoriglocation=\count422
\c@origpublisher=\count423
\c@savedorigpublisher=\count424
\c@publisher=\count425
\c@savedpublisher=\count426
\c@language=\count427
\c@savedlanguage=\count428
\c@origlanguage=\count429
\c@savedoriglanguage=\count430
\c@pageref=\count431
\c@savedpageref=\count432
\shorthandwidth=\skip74
\shortjournalwidth=\skip75
\shortserieswidth=\skip76
\shorttitlewidth=\skip77
\shortauthorwidth=\skip78
\shorteditorwidth=\skip79
\locallabelnumberwidth=\skip80
\locallabelalphawidth=\skip81
\localshorthandwidth=\skip82
\localshortjournalwidth=\skip83
\localshortserieswidth=\skip84
\localshorttitlewidth=\skip85
\localshortauthorwidth=\skip86
\localshorteditorwidth=\skip87
Package biblatex Info: Trying to load compatibility code...
Package biblatex Info: ... file 'blx-compat.def' found.

(/nix/store/z52hy8jvjaxzabb28qfqa6acnxkp5q31-texlive-combined-full-2023-final-t
exmfdist/tex/latex/biblatex/blx-compat.def
File: blx-compat.def 2023/03/05 v3.19 biblatex compatibility (PK/MW)
)
Package biblatex Info: Trying to load generic definitions...
Package biblatex Info: ... file 'biblatex.def' found.

(/nix/store/z52hy8jvjaxzabb28qfqa6acnxkp5q31-texlive-combined-full-2023-final-t
exmfdist/tex/latex/biblatex/biblatex.def
File: biblatex.def 2023/03/05 v3.19 biblatex compatibility (PK/MW)
\c@textcitecount=\count433
\c@textcitetotal=\count434
\c@textcitemaxnames=\count435
\c@biburlbigbreakpenalty=\count436
\c@biburlbreakpenalty=\count437
\c@biburlnumpenalty=\count438
\c@biburlucpenalty=\count439
\c@biburllcpenalty=\count440
\biburlbigskip=\muskip18
\biburlnumskip=\muskip19
\biburlucskip=\muskip20
\biburllcskip=\muskip21
\c@smartand=\count441
)
Package biblatex Info: Trying to load bibliography style 'numeric'...
Package biblatex Info: ... file 'numeric.bbx' found.

(/nix/store/z52hy8jvjaxzabb28qfqa6acnxkp5q31-texlive-combined-full-2023-final-t
exmfdist/tex/latex/biblatex/bbx/numeric.bbx
File: numeric.bbx 2023/03/05 v3.19 biblatex bibliography style (PK/MW)
Package biblatex Info: Trying to load bibliography style 'standard'...
Package biblatex Info: ... file 'standard.bbx' found.

(/nix/store/z52hy8jvjaxzabb28qfqa6acnxkp5q31-texlive-combined-full-2023-final-t
exmfdist/tex/latex/biblatex/bbx/standard.bbx
File: standard.bbx 2023/03/05 v3.19 biblatex bibliography style (PK/MW)
\c@bbx:relatedcount=\count442
\c@bbx:relatedtotal=\count443
))
Package biblatex Info: Trying to load citation style 'numeric'...
Package biblatex Info: ... file 'numeric.cbx' found.

(/nix/store/z52hy8jvjaxzabb28qfqa6acnxkp5q31-texlive-combined-full-2023-final-t
exmfdist/tex/latex/biblatex/cbx/numeric.cbx
File: numeric.cbx 2023/03/05 v3.19 biblatex citation style (PK/MW)
Package biblatex Info: Redefining '\cite'.
Package biblatex Info: Redefining '\parencite'.
Package biblatex Info: Redefining '\footcite'.
Package biblatex Info: Redefining '\footcitetext'.
Package biblatex Info: Redefining '\smartcite'.
Package biblatex Info: Redefining '\supercite'.
Package biblatex Info: Redefining '\textcite'.
Package biblatex Info: Redefining '\textcites'.
Package biblatex Info: Redefining '\cites'.
Package biblatex Info: Redefining '\parencites'.
Package biblatex Info: Redefining '\smartcites'.
)
Package biblatex Info: Trying to load configuration file...
Package biblatex Info: ... file 'biblatex.cfg' found.

(/nix/store/z52hy8jvjaxzabb28qfqa6acnxkp5q31-texlive-combined-full-2023-final-t
exmfdist/tex/latex/biblatex/biblatex.cfg
File: biblatex.cfg 
)
Package biblatex Info: Input encoding 'utf8' detected.
Package biblatex Info: Document encoding is UTF8 ....

(/nix/store/z52hy8jvjaxzabb28qfqa6acnxkp5q31-texlive-combined-full-2023-final-t
exmfdist/tex/latex/l3kernel/expl3.sty
Package: expl3 2024-02-20 L3 programming layer (loader) 

(/nix/store/z52hy8jvjaxzabb28qfqa6acnxkp5q31-texlive-combined-full-2023-final-t
exmfdist/tex/latex/l3backend/l3backend-pdftex.def
File: l3backend-pdftex.def 2024-02-20 L3 backend support: PDF output (pdfTeX)
\l__color_backend_stack_int=\count444
\l__pdf_internal_box=\box71
))
Package biblatex Info: ... and expl3
(biblatex)             2024-02-20 L3 programming layer (loader) 
(biblatex)             is new enough (at least 2020/04/06),
(biblatex)             setting 'casechanger=expl3'.

(/nix/store/z52hy8jvjaxzabb28qfqa6acnxkp5q31-texlive-combined-full-2023-final-t
exmfdist/tex/latex/biblatex/blx-case-expl3.sty
(/nix/store/z52hy8jvjaxzabb28qfqa6acnxkp5q31-texlive-combined-full-2023-final-t
exmfdist/tex/latex/l3packages/xparse/xparse.sty
Package: xparse 2024-02-18 L3 Experimental document command parser
)
Package: blx-case-expl3 2023/03/05 v3.19 expl3 case changing code for biblatex
)))

Package biblatex Warning: 'babel/polyglossia' detected but 'csquotes' missing.
(biblatex)                Loading 'csquotes' recommended.

\@quotelevel=\count445
\@quotereset=\count446
(./TypeSystem.aux)
\openout1 = `TypeSystem.aux'.

LaTeX Font Info:    Checking defaults for OML/cmm/m/it on input line 10.
LaTeX Font Info:    ... okay on input line 10.
LaTeX Font Info:    Checking defaults for OMS/cmsy/m/n on input line 10.
LaTeX Font Info:    ... okay on input line 10.
LaTeX Font Info:    Checking defaults for OT1/cmr/m/n on input line 10.
LaTeX Font Info:    ... okay on input line 10.
LaTeX Font Info:    Checking defaults for T1/cmr/m/n on input line 10.
LaTeX Font Info:    ... okay on input line 10.
LaTeX Font Info:    Checking defaults for TS1/cmr/m/n on input line 10.
LaTeX Font Info:    ... okay on input line 10.
LaTeX Font Info:    Checking defaults for OMX/cmex/m/n on input line 10.
LaTeX Font Info:    ... okay on input line 10.
LaTeX Font Info:    Checking defaults for U/cmr/m/n on input line 10.
LaTeX Font Info:    ... okay on input line 10.
LaTeX Font Info:    Checking defaults for PD1/pdf/m/n on input line 10.
LaTeX Font Info:    ... okay on input line 10.
LaTeX Font Info:    Checking defaults for PU/pdf/m/n on input line 10.
LaTeX Font Info:    ... okay on input line 10.
LaTeX Font Info:    Trying to load font information for U+msa on input line 10.


(/nix/store/z52hy8jvjaxzabb28qfqa6acnxkp5q31-texlive-combined-full-2023-final-t
exmfdist/tex/latex/amsfonts/umsa.fd
File: umsa.fd 2013/01/14 v3.01 AMS symbols A
)
LaTeX Font Info:    Trying to load font information for U+msb on input line 10.


(/nix/store/z52hy8jvjaxzabb28qfqa6acnxkp5q31-texlive-combined-full-2023-final-t
exmfdist/tex/latex/amsfonts/umsb.fd
File: umsb.fd 2013/01/14 v3.01 AMS symbols B
)
*geometry* driver: auto-detecting
*geometry* detected driver: pdftex
*geometry* verbose mode - [ preamble ] result:
* driver: pdftex
* paper: letterpaper
* layout: <same size as paper>
* layoutoffset:(h,v)=(0.0pt,0.0pt)
* modes: twoside 
* h-part:(L,W,R)=(125.0pt, 364.295pt, 125.0pt)
* v-part:(T,H,B)=(95.39737pt, 556.47656pt, 143.09605pt)
* \paperwidth=614.295pt
* \paperheight=794.96999pt
* \textwidth=364.295pt
* \textheight=556.47656pt
* \oddsidemargin=52.73001pt
* \evensidemargin=52.73001pt
* \topmargin=1.12738pt
* \headheight=8.0pt
* \headsep=14.0pt
* \topskip=10.0pt
* \footskip=12.0pt
* \marginparwidth=90.0pt
* \marginparsep=11.0pt
* \columnsep=10.0pt
* \skip\footins=7.0pt plus 11.0pt
* \hoffset=0.0pt
* \voffset=0.0pt
* \mag=1000
* \@twocolumnfalse
* \@twosidetrue
* \@mparswitchtrue
* \@reversemarginfalse
* (1in=72.27pt=25.4mm, 1cm=28.453pt)


(/nix/store/z52hy8jvjaxzabb28qfqa6acnxkp5q31-texlive-combined-full-2023-final-t
exmfdist/tex/context/base/mkii/supp-pdf.mkii
[Loading MPS to PDF converter (version 2006.09.02).]
\scratchcounter=\count447
\scratchdimen=\dimen295
\scratchbox=\box72
\nofMPsegments=\count448
\nofMParguments=\count449
\everyMPshowfont=\toks46
\MPscratchCnt=\count450
\MPscratchDim=\dimen296
\MPnumerator=\count451
\makeMPintoPDFobject=\count452
\everyMPtoPDFconversion=\toks47
)
(/nix/store/z52hy8jvjaxzabb28qfqa6acnxkp5q31-texlive-combined-full-2023-final-t
exmfdist/tex/latex/epstopdf-pkg/epstopdf-base.sty
Package: epstopdf-base 2020-01-24 v2.11 Base part for package epstopdf
Package epstopdf-base Info: Redefining graphics rule for `.eps' on input line 4
85.

(/nix/store/z52hy8jvjaxzabb28qfqa6acnxkp5q31-texlive-combined-full-2023-final-t
exmfdist/tex/latex/latexconfig/epstopdf-sys.cfg
File: epstopdf-sys.cfg 2010/07/13 v1.3 Configuration of (r)epstopdf for TeX Liv
e
))
Package hyperref Info: Link coloring ON on input line 10.
 (./TypeSystem.out)
(./TypeSystem.out)
\@outlinefile=\write5
\openout5 = `TypeSystem.out'.

Package biblatex Info: Trying to load language 'english'...
Package biblatex Info: ... file 'english.lbx' found.

(/nix/store/z52hy8jvjaxzabb28qfqa6acnxkp5q31-texlive-combined-full-2023-final-t
exmfdist/tex/latex/biblatex/lbx/english.lbx
File: english.lbx 2023/03/05 v3.19 biblatex localization (PK/MW)
)
Package biblatex Info: Input encoding 'utf8' detected.
Package biblatex Info: Automatic encoding selection.
(biblatex)             Assuming data encoding 'utf8'.
\openout4 = `TypeSystem.bcf'.

Package biblatex Info: Trying to load bibliographic data...
Package biblatex Info: ... file 'TypeSystem.bbl' found.
 (./TypeSystem.bbl)
Package biblatex Info: Reference section=0 on input line 10.
Package biblatex Info: Reference segment=0 on input line 10.
LaTeX Font Info:    Trying to load font information for OMS+cmr on input line 1
3.

(/nix/store/z52hy8jvjaxzabb28qfqa6acnxkp5q31-texlive-combined-full-2023-final-t
exmfdist/tex/latex/base/omscmr.fd
File: omscmr.fd 2023/04/13 v2.5m Standard LaTeX font definitions
)
LaTeX Font Info:    Font shape `OMS/cmr/bx/n' in size <10.95> not available
(Font)              Font shape `OMS/cmsy/b/n' tried instead on input line 13.
LaTeX Font Info:    Font shape `OMS/cmr/m/n' in size <10.95> not available
(Font)              Font shape `OMS/cmsy/m/n' tried instead on input line 15.

Overfull \hbox (12.0pt too wide) in paragraph at lines 37--41
[][] 
 []


Underfull \vbox (badness 10000) has occurred while \output is active []

 [1{/nix/store/jbj6ivbrhfnq0hvhd6ypj1r3zszaq7yi-texlive-combined-full-2023-fina
l/share/texmf-var/fonts/map/pdftex/updmap/pdftex.map}]
Overfull \vbox (18.49704pt too high) has occurred while \output is active []


[2]
Overfull \hbox (49.8392pt too wide) in paragraph at lines 191--226
 []$ 
 []


Overfull \hbox (12.0pt too wide) in paragraph at lines 274--275
[][] 
 []


Underfull \vbox (badness 10000) has occurred while \output is active []

LaTeX Font Info:    Font shape `OMS/cmr/m/n' in size <8> not available
(Font)              Font shape `OMS/cmsy/m/n' tried instead on input line 363.
 [3]
[4] [5{/nix/store/z52hy8jvjaxzabb28qfqa6acnxkp5q31-texlive-combined-full-2023-f
inal-texmfdist/fonts/enc/dvips/cm-super/cm-super-ts1.enc}] (./TypeSystem.aux)
 ***********
LaTeX2e <2023-11-01> patch level 1
L3 programming layer <2024-02-20>
 ***********
Package rerunfilecheck Info: File `TypeSystem.out' has not changed.
(rerunfilecheck)             Checksum: EDE23595DCA8A4392503813D74F4CD13;94.
Package logreq Info: Writing requests to 'TypeSystem.run.xml'.
\openout1 = `TypeSystem.run.xml'.

 ) 
Here is how much of TeX's memory you used:
 31919 strings out of 474116
 630481 string characters out of 5717523
 1947187 words of memory out of 5000000
 53649 multiletter control sequences out of 15000+600000
 570136 words of font info for 82 fonts, out of 8000000 for 9000
 1302 hyphenation exceptions out of 8191
 113i,19n,121p,1155b,1775s stack positions out of 10000i,1000n,20000p,200000b,200000s
</nix/store/z52hy8jvjaxzabb28qfqa6acnxkp5q31-texlive-combined-full-2023-final
-texmfdist/fonts/type1/public/amsfonts/cm/cmbsy10.pfb></nix/store/z52hy8jvjaxza
bb28qfqa6acnxkp5q31-texlive-combined-full-2023-final-texmfdist/fonts/type1/publ
ic/amsfonts/cm/cmbx10.pfb></nix/store/z52hy8jvjaxzabb28qfqa6acnxkp5q31-texlive-
combined-full-2023-final-texmfdist/fonts/type1/public/amsfonts/cm/cmcsc10.pfb><
/nix/store/z52hy8jvjaxzabb28qfqa6acnxkp5q31-texlive-combined-full-2023-final-te
xmfdist/fonts/type1/public/amsfonts/cm/cmmi10.pfb></nix/store/z52hy8jvjaxzabb28
qfqa6acnxkp5q31-texlive-combined-full-2023-final-texmfdist/fonts/type1/public/a
msfonts/cm/cmmi8.pfb></nix/store/z52hy8jvjaxzabb28qfqa6acnxkp5q31-texlive-combi
ned-full-2023-final-texmfdist/fonts/type1/public/amsfonts/cm/cmr10.pfb></nix/st
ore/z52hy8jvjaxzabb28qfqa6acnxkp5q31-texlive-combined-full-2023-final-texmfdist
/fonts/type1/public/amsfonts/cm/cmr7.pfb></nix/store/z52hy8jvjaxzabb28qfqa6acnx
kp5q31-texlive-combined-full-2023-final-texmfdist/fonts/type1/public/amsfonts/c
m/cmr8.pfb></nix/store/z52hy8jvjaxzabb28qfqa6acnxkp5q31-texlive-combined-full-2
023-final-texmfdist/fonts/type1/public/amsfonts/cm/cmr9.pfb></nix/store/z52hy8j
vjaxzabb28qfqa6acnxkp5q31-texlive-combined-full-2023-final-texmfdist/fonts/type
1/public/amsfonts/cm/cmss10.pfb></nix/store/z52hy8jvjaxzabb28qfqa6acnxkp5q31-te
xlive-combined-full-2023-final-texmfdist/fonts/type1/public/amsfonts/cm/cmsy10.
pfb></nix/store/z52hy8jvjaxzabb28qfqa6acnxkp5q31-texlive-combined-full-2023-fin
al-texmfdist/fonts/type1/public/amsfonts/cm/cmsy8.pfb></nix/store/z52hy8jvjaxza
bb28qfqa6acnxkp5q31-texlive-combined-full-2023-final-texmfdist/fonts/type1/publ
ic/amsfonts/cm/cmti10.pfb></nix/store/z52hy8jvjaxzabb28qfqa6acnxkp5q31-texlive-
combined-full-2023-final-texmfdist/fonts/type1/public/amsfonts/cm/cmti9.pfb></n
ix/store/z52hy8jvjaxzabb28qfqa6acnxkp5q31-texlive-combined-full-2023-final-texm
fdist/fonts/type1/public/amsfonts/cm/cmtt10.pfb></nix/store/z52hy8jvjaxzabb28qf
qa6acnxkp5q31-texlive-combined-full-2023-final-texmfdist/fonts/type1/public/ams
fonts/symbols/msam10.pfb></nix/store/z52hy8jvjaxzabb28qfqa6acnxkp5q31-texlive-c
ombined-full-2023-final-texmfdist/fonts/type1/public/cm-super/sfrm1095.pfb>
Output written on TypeSystem.pdf (5 pages, 191441 bytes).
PDF statistics:
 134 PDF objects out of 1000 (max. 8388607)
 92 compressed objects within 1 object stream
 10 named destinations out of 1000 (max. 500000)
 21 words of extra memory for PDF output out of 10000 (max. 10000000)

